<?xml version="1.0" encoding="UTF-8"?>
<coverage generated="1749791424">
  <project timestamp="1749791424" name="Clover Coverage">
    <package name="Revolution\DiscordManager\Concerns">
      <file name="/home/runner/work/discord-manager/discord-manager/src/Concerns/WithInteraction.php">
        <class name="Revolution\DiscordManager\Concerns\WithInteraction" namespace="Revolution\DiscordManager\Concerns">
          <metrics complexity="1" methods="1" coveredmethods="1" conditionals="0" coveredconditionals="0" statements="2" coveredstatements="2" elements="3" coveredelements="3"/>
        </class>
        <line num="12" type="method" name="followup" visibility="public" complexity="1" crap="1" count="1"/>
        <line num="14" type="stmt" count="1"/>
        <line num="16" type="stmt" count="1"/>
        <metrics loc="19" ncloc="19" classes="1" methods="1" coveredmethods="1" conditionals="0" coveredconditionals="0" statements="2" coveredstatements="2" elements="3" coveredelements="3"/>
      </file>
    </package>
    <package name="Revolution\DiscordManager\Console">
      <file name="/home/runner/work/discord-manager/discord-manager/src/Console/MakeInteraction.php">
        <class name="Revolution\DiscordManager\Console\MakeInteraction" namespace="Revolution\DiscordManager\Console">
          <metrics complexity="3" methods="3" coveredmethods="3" conditionals="0" coveredconditionals="0" statements="3" coveredstatements="3" elements="6" coveredelements="6"/>
        </class>
        <line num="35" type="method" name="getStub" visibility="protected" complexity="1" crap="1" count="1"/>
        <line num="37" type="stmt" count="1"/>
        <line num="45" type="method" name="getDefaultNamespace" visibility="protected" complexity="1" crap="1" count="1"/>
        <line num="47" type="stmt" count="1"/>
        <line num="53" type="method" name="getOptions" visibility="protected" complexity="1" crap="1" count="2"/>
        <line num="55" type="stmt" count="2"/>
        <metrics loc="58" ncloc="32" classes="1" methods="3" coveredmethods="3" conditionals="0" coveredconditionals="0" statements="3" coveredstatements="3" elements="6" coveredelements="6"/>
      </file>
      <file name="/home/runner/work/discord-manager/discord-manager/src/Console/RegisterCommand.php">
        <class name="Revolution\DiscordManager\Console\RegisterCommand" namespace="Revolution\DiscordManager\Console">
          <metrics complexity="6" methods="4" coveredmethods="4" conditionals="0" coveredconditionals="0" statements="22" coveredstatements="22" elements="26" coveredelements="26"/>
        </class>
        <line num="32" type="method" name="__construct" visibility="public" complexity="1" crap="1" count="2"/>
        <line num="34" type="stmt" count="2"/>
        <line num="40" type="method" name="handle" visibility="public" complexity="1" crap="1" count="1"/>
        <line num="42" type="stmt" count="1"/>
        <line num="44" type="stmt" count="1"/>
        <line num="46" type="stmt" count="1"/>
        <line num="48" type="stmt" count="1"/>
        <line num="51" type="method" name="guild" visibility="protected" complexity="2" crap="2" count="1"/>
        <line num="53" type="stmt" count="1"/>
        <line num="55" type="stmt" count="1"/>
        <line num="56" type="stmt" count="1"/>
        <line num="57" type="stmt" count="1"/>
        <line num="58" type="stmt" count="1"/>
        <line num="60" type="stmt" count="1"/>
        <line num="62" type="stmt" count="1"/>
        <line num="65" type="stmt" count="1"/>
        <line num="67" type="stmt" count="1"/>
        <line num="68" type="stmt" count="1"/>
        <line num="72" type="stmt" count="1"/>
        <line num="75" type="method" name="global" visibility="protected" complexity="2" crap="2" count="1"/>
        <line num="77" type="stmt" count="1"/>
        <line num="79" type="stmt" count="1"/>
        <line num="81" type="stmt" count="1"/>
        <line num="84" type="stmt" count="1"/>
        <line num="86" type="stmt" count="1"/>
        <line num="87" type="stmt" count="1"/>
        <metrics loc="93" ncloc="71" classes="1" methods="4" coveredmethods="4" conditionals="0" coveredconditionals="0" statements="22" coveredstatements="22" elements="26" coveredelements="26"/>
      </file>
    </package>
    <file name="/home/runner/work/discord-manager/discord-manager/src/Contracts/Factory.php">
      <metrics loc="13" ncloc="13" classes="0" methods="0" coveredmethods="0" conditionals="0" coveredconditionals="0" statements="0" coveredstatements="0" elements="0" coveredelements="0"/>
    </file>
    <file name="/home/runner/work/discord-manager/discord-manager/src/Contracts/InteractionsEvent.php">
      <metrics loc="13" ncloc="13" classes="0" methods="0" coveredmethods="0" conditionals="0" coveredconditionals="0" statements="0" coveredstatements="0" elements="0" coveredelements="0"/>
    </file>
    <file name="/home/runner/work/discord-manager/discord-manager/src/Contracts/InteractionsResponse.php">
      <metrics loc="13" ncloc="13" classes="0" methods="0" coveredmethods="0" conditionals="0" coveredconditionals="0" statements="0" coveredstatements="0" elements="0" coveredelements="0"/>
    </file>
    <package name="Revolution\DiscordManager">
      <file name="/home/runner/work/discord-manager/discord-manager/src/DiscordCommandRegistry.php">
        <class name="Revolution\DiscordManager\DiscordCommandRegistry" namespace="Revolution\DiscordManager">
          <metrics complexity="12" methods="5" coveredmethods="5" conditionals="0" coveredconditionals="0" statements="29" coveredstatements="29" elements="34" coveredelements="34"/>
        </class>
        <line num="23" type="method" name="__construct" visibility="public" complexity="1" crap="1" count="5"/>
        <line num="25" type="stmt" count="5"/>
        <line num="31" type="method" name="interaction" visibility="public" complexity="3" crap="3" count="2"/>
        <line num="33" type="stmt" count="2"/>
        <line num="35" type="stmt" count="2"/>
        <line num="36" type="stmt" count="1"/>
        <line num="39" type="stmt" count="1"/>
        <line num="42" type="method" name="http" visibility="public" complexity="1" crap="1" count="2"/>
        <line num="44" type="stmt" count="2"/>
        <line num="45" type="stmt" count="2"/>
        <line num="46" type="stmt" count="2"/>
        <line num="49" type="method" name="load" visibility="protected" complexity="3" crap="3" count="5"/>
        <line num="51" type="stmt" count="5"/>
        <line num="53" type="stmt" count="5"/>
        <line num="54" type="stmt" count="5"/>
        <line num="55" type="stmt" count="5"/>
        <line num="56" type="stmt" count="5"/>
        <line num="58" type="stmt" count="5"/>
        <line num="62" type="stmt" count="1"/>
        <line num="64" type="stmt" count="1"/>
        <line num="65" type="stmt" count="1"/>
        <line num="66" type="stmt" count="1"/>
        <line num="67" type="stmt" count="1"/>
        <line num="68" type="stmt" count="1"/>
        <line num="69" type="stmt" count="1"/>
        <line num="71" type="stmt" count="1"/>
        <line num="75" type="method" name="add" visibility="public" complexity="4" crap="4" count="2"/>
        <line num="78" type="stmt" count="2"/>
        <line num="81" type="stmt" count="1"/>
        <line num="82" type="stmt" count="1"/>
        <line num="85" type="stmt" count="1"/>
        <line num="87" type="stmt" count="1"/>
        <line num="89" type="stmt" count="1"/>
        <line num="93" type="stmt" count="1"/>
        <metrics loc="96" ncloc="90" classes="1" methods="5" coveredmethods="5" conditionals="0" coveredconditionals="0" statements="29" coveredstatements="29" elements="34" coveredelements="34"/>
      </file>
    </package>
    <package name="Revolution\DiscordManager\Events">
      <file name="/home/runner/work/discord-manager/discord-manager/src/Events/InteractionsWebhook.php">
        <class name="Revolution\DiscordManager\Events\InteractionsWebhook" namespace="Revolution\DiscordManager\Events">
          <metrics complexity="1" methods="1" coveredmethods="1" conditionals="0" coveredconditionals="0" statements="1" coveredstatements="1" elements="2" coveredelements="2"/>
        </class>
        <line num="17" type="method" name="__construct" visibility="public" complexity="1" crap="1" count="2"/>
        <line num="20" type="stmt" count="2"/>
        <metrics loc="22" ncloc="21" classes="1" methods="1" coveredmethods="1" conditionals="0" coveredconditionals="0" statements="1" coveredstatements="1" elements="2" coveredelements="2"/>
      </file>
    </package>
    <package name="Revolution\DiscordManager\Exceptions">
      <file name="/home/runner/work/discord-manager/discord-manager/src/Exceptions/CommandNotFountException.php">
        <class name="Revolution\DiscordManager\Exceptions\CommandNotFountException" namespace="Revolution\DiscordManager\Exceptions">
          <metrics complexity="0" methods="0" coveredmethods="0" conditionals="0" coveredconditionals="0" statements="0" coveredstatements="0" elements="0" coveredelements="0"/>
        </class>
        <metrics loc="8" ncloc="8" classes="0" methods="0" coveredmethods="0" conditionals="0" coveredconditionals="0" statements="0" coveredstatements="0" elements="0" coveredelements="0"/>
      </file>
    </package>
    <package name="Revolution\DiscordManager\Facades">
      <file name="/home/runner/work/discord-manager/discord-manager/src/Facades/DiscordManager.php">
        <class name="Revolution\DiscordManager\Facades\DiscordManager" namespace="Revolution\DiscordManager\Facades">
          <metrics complexity="1" methods="1" coveredmethods="1" conditionals="0" coveredconditionals="0" statements="1" coveredstatements="1" elements="2" coveredelements="2"/>
        </class>
        <line num="22" type="method" name="getFacadeAccessor" visibility="protected" complexity="1" crap="1" count="3"/>
        <line num="24" type="stmt" count="3"/>
        <metrics loc="27" ncloc="18" classes="1" methods="1" coveredmethods="1" conditionals="0" coveredconditionals="0" statements="1" coveredstatements="1" elements="2" coveredelements="2"/>
      </file>
    </package>
    <package name="Revolution\DiscordManager\Http\Controllers">
      <file name="/home/runner/work/discord-manager/discord-manager/src/Http/Controllers/InteractionsWebhookController.php">
        <class name="Revolution\DiscordManager\Http\Controllers\InteractionsWebhookController" namespace="Revolution\DiscordManager\Http\Controllers">
          <metrics complexity="1" methods="1" coveredmethods="1" conditionals="0" coveredconditionals="0" statements="1" coveredstatements="1" elements="2" coveredelements="2"/>
        </class>
        <line num="12" type="method" name="__invoke" visibility="public" complexity="1" crap="1" count="1"/>
        <line num="14" type="stmt" count="1"/>
        <metrics loc="17" ncloc="17" classes="1" methods="1" coveredmethods="1" conditionals="0" coveredconditionals="0" statements="1" coveredstatements="1" elements="2" coveredelements="2"/>
      </file>
    </package>
    <package name="Revolution\DiscordManager\Http\Middleware">
      <file name="/home/runner/work/discord-manager/discord-manager/src/Http/Middleware/DispatchInteractionsEvent.php">
        <class name="Revolution\DiscordManager\Http\Middleware\DispatchInteractionsEvent" namespace="Revolution\DiscordManager\Http\Middleware">
          <metrics complexity="3" methods="2" coveredmethods="2" conditionals="0" coveredconditionals="0" statements="3" coveredstatements="3" elements="5" coveredelements="5"/>
        </class>
        <line num="18" type="method" name="handle" visibility="public" complexity="1" crap="1" count="1"/>
        <line num="20" type="stmt" count="1"/>
        <line num="23" type="method" name="terminate" visibility="public" complexity="2" crap="2" count="3"/>
        <line num="25" type="stmt" count="3"/>
        <line num="26" type="stmt" count="2"/>
        <metrics loc="30" ncloc="27" classes="1" methods="2" coveredmethods="2" conditionals="0" coveredconditionals="0" statements="3" coveredstatements="3" elements="5" coveredelements="5"/>
      </file>
      <file name="/home/runner/work/discord-manager/discord-manager/src/Http/Middleware/ValidateSignature.php">
        <class name="Revolution\DiscordManager\Http\Middleware\ValidateSignature" namespace="Revolution\DiscordManager\Http\Middleware">
          <metrics complexity="3" methods="2" coveredmethods="2" conditionals="0" coveredconditionals="0" statements="11" coveredstatements="11" elements="13" coveredelements="13"/>
        </class>
        <line num="18" type="method" name="handle" visibility="public" complexity="2" crap="2" count="2"/>
        <line num="20" type="stmt" count="2"/>
        <line num="22" type="stmt" count="1"/>
        <line num="24" type="stmt" count="1"/>
        <line num="26" type="stmt" count="1"/>
        <line num="27" type="stmt" count="1"/>
        <line num="33" type="method" name="validateSignature" visibility="protected" complexity="1" crap="1" count="1"/>
        <line num="35" type="stmt" count="1"/>
        <line num="36" type="stmt" count="1"/>
        <line num="37" type="stmt" count="1"/>
        <line num="38" type="stmt" count="1"/>
        <line num="39" type="stmt" count="1"/>
        <line num="40" type="stmt" count="1"/>
        <metrics loc="43" ncloc="39" classes="1" methods="2" coveredmethods="2" conditionals="0" coveredconditionals="0" statements="11" coveredstatements="11" elements="13" coveredelements="13"/>
      </file>
    </package>
    <package name="Revolution\DiscordManager\Http\Response">
      <file name="/home/runner/work/discord-manager/discord-manager/src/Http/Response/ChannelMessageResponse.php">
        <class name="Revolution\DiscordManager\Http\Response\ChannelMessageResponse" namespace="Revolution\DiscordManager\Http\Response">
          <metrics complexity="1" methods="0" coveredmethods="0" conditionals="0" coveredconditionals="0" statements="0" coveredstatements="0" elements="0" coveredelements="0"/>
        </class>
        <metrics loc="28" ncloc="25" classes="0" methods="0" coveredmethods="0" conditionals="0" coveredconditionals="0" statements="0" coveredstatements="0" elements="0" coveredelements="0"/>
      </file>
      <file name="/home/runner/work/discord-manager/discord-manager/src/Http/Response/DeferredResponse.php">
        <class name="Revolution\DiscordManager\Http\Response\DeferredResponse" namespace="Revolution\DiscordManager\Http\Response">
          <metrics complexity="1" methods="1" coveredmethods="1" conditionals="0" coveredconditionals="0" statements="3" coveredstatements="3" elements="4" coveredelements="4"/>
        </class>
        <line num="14" type="method" name="__invoke" visibility="public" complexity="1" crap="1" count="1"/>
        <line num="16" type="stmt" count="1"/>
        <line num="17" type="stmt" count="1"/>
        <line num="18" type="stmt" count="1"/>
        <metrics loc="21" ncloc="21" classes="1" methods="1" coveredmethods="1" conditionals="0" coveredconditionals="0" statements="3" coveredstatements="3" elements="4" coveredelements="4"/>
      </file>
      <file name="/home/runner/work/discord-manager/discord-manager/src/Http/Response/PongResponse.php">
        <class name="Revolution\DiscordManager\Http\Response\PongResponse" namespace="Revolution\DiscordManager\Http\Response">
          <metrics complexity="1" methods="1" coveredmethods="1" conditionals="0" coveredconditionals="0" statements="3" coveredstatements="3" elements="4" coveredelements="4"/>
        </class>
        <line num="14" type="method" name="__invoke" visibility="public" complexity="1" crap="1" count="1"/>
        <line num="16" type="stmt" count="1"/>
        <line num="17" type="stmt" count="1"/>
        <line num="18" type="stmt" count="1"/>
        <metrics loc="21" ncloc="21" classes="1" methods="1" coveredmethods="1" conditionals="0" coveredconditionals="0" statements="3" coveredstatements="3" elements="4" coveredelements="4"/>
      </file>
    </package>
    <package name="Revolution\DiscordManager\Providers">
      <file name="/home/runner/work/discord-manager/discord-manager/src/Providers/DiscordInteractionsServiceProvider.php">
        <class name="Revolution\DiscordManager\Providers\DiscordInteractionsServiceProvider" namespace="Revolution\DiscordManager\Providers">
          <metrics complexity="7" methods="4" coveredmethods="4" conditionals="0" coveredconditionals="0" statements="30" coveredstatements="30" elements="34" coveredelements="34"/>
        </class>
        <line num="25" type="method" name="register" visibility="public" complexity="1" crap="1" count="9"/>
        <line num="27" type="stmt" count="9"/>
        <line num="28" type="stmt" count="9"/>
        <line num="29" type="stmt" count="9"/>
        <line num="30" type="stmt" count="9"/>
        <line num="32" type="stmt" count="9"/>
        <line num="34" type="stmt" count="9"/>
        <line num="35" type="stmt" count="9"/>
        <line num="41" type="method" name="boot" visibility="public" complexity="2" crap="2" count="9"/>
        <line num="43" type="stmt" count="9"/>
        <line num="44" type="stmt" count="9"/>
        <line num="45" type="stmt" count="9"/>
        <line num="46" type="stmt" count="9"/>
        <line num="47" type="stmt" count="9"/>
        <line num="50" type="stmt" count="9"/>
        <line num="52" type="stmt" count="9"/>
        <line num="55" type="method" name="interactionsRoute" visibility="protected" complexity="2" crap="2" count="9"/>
        <line num="57" type="stmt" count="9"/>
        <line num="61" type="stmt" count="9"/>
        <line num="62" type="stmt" count="9"/>
        <line num="63" type="stmt" count="9"/>
        <line num="64" type="stmt" count="9"/>
        <line num="65" type="stmt" count="9"/>
        <line num="66" type="stmt" count="9"/>
        <line num="67" type="stmt" count="9"/>
        <line num="68" type="stmt" count="9"/>
        <line num="69" type="stmt" count="9"/>
        <line num="70" type="stmt" count="9"/>
        <line num="71" type="stmt" count="9"/>
        <line num="77" type="method" name="configurePublishing" visibility="protected" complexity="2" crap="2" count="9"/>
        <line num="79" type="stmt" count="9"/>
        <line num="83" type="stmt" count="9"/>
        <line num="84" type="stmt" count="9"/>
        <line num="85" type="stmt" count="9"/>
        <metrics loc="88" ncloc="77" classes="1" methods="4" coveredmethods="4" conditionals="0" coveredconditionals="0" statements="30" coveredstatements="30" elements="34" coveredelements="34"/>
      </file>
    </package>
    <metrics files="17" loc="610" ncloc="525" classes="12" methods="26" coveredmethods="26" conditionals="0" coveredconditionals="0" statements="109" coveredstatements="109" elements="135" coveredelements="135"/>
  </project>
</coverage>
